<?xml version="1.0" encoding="UTF-8"?>
<!-- Generated by org.testng.reporters.JUnitReportReporter -->
<testsuite skipped="0" hostname="ROSATO-BRZR8FRS" name="com.demoqa.test.registration.Registration" tests="2" failures="0" timestamp="23 Nov 2017 20:42:41 GMT" time="0.005" errors="0">
  <testcase name="Hello" time="0.004" classname="com.demoqa.test.registration.Registration"/>
  <testcase name="googleSearch" time="0.001" classname="com.demoqa.test.registration.Registration"/>
</testsuite> <!-- com.demoqa.test.registration.Registration -->
