<?xml version="1.0" encoding="UTF-8"?>
<!-- Generated by org.testng.reporters.JUnitReportReporter -->
<testsuite skipped="0" hostname="ROSATO-BRZR8FRS" name="registration_tests.NegativeRegistrationTest" tests="2" failures="0" timestamp="25 Nov 2017 20:40:20 GMT" time="1.745" errors="0">
  <testcase name="NegativeInvaildPassword" time="0.006" classname="registration_tests.NegativeRegistrationTest"/>
  <testcase name="registrationTest" time="1.739" classname="registration_tests.NegativeRegistrationTest"/>
</testsuite> <!-- registration_tests.NegativeRegistrationTest -->
