<?xml version="1.0" encoding="UTF-8"?>
<!-- Generated by org.testng.reporters.JUnitReportReporter -->
<testsuite skipped="0" hostname="ROSATO-BRZR8FRS" name="com.demoqa_registration_tests.StrongPwdRegistrationTest" tests="3" failures="0" timestamp="26 Nov 2017 21:58:39 GMT" time="3.791" errors="0">
  <testcase name="strongPassword" time="0.505" classname="com.demoqa_registration_tests.StrongPwdRegistrationTest"/>
  <testcase name="registrationTest" time="1.740" classname="com.demoqa_registration_tests.StrongPwdRegistrationTest"/>
  <testcase name="submit" time="1.546" classname="com.demoqa_registration_tests.StrongPwdRegistrationTest"/>
</testsuite> <!-- com.demoqa_registration_tests.StrongPwdRegistrationTest -->
