<?xml version="1.0" encoding="UTF-8"?>
<!-- Generated by org.testng.reporters.JUnitReportReporter -->
<testsuite skipped="0" hostname="ROSATO-BRZR8FRS" name="com.demoqa.test.registration.demoQaRegistration" tests="13" failures="0" timestamp="25 Nov 2017 16:13:22 GMT" time="5.677" errors="0">
  <testcase name="firstName" time="0.123" classname="com.demoqa.test.registration.demoQaRegistration"/>
  <testcase name="lastName" time="0.110" classname="com.demoqa.test.registration.demoQaRegistration"/>
  <testcase name="maritalStatusRadioBtnMarried" time="0.188" classname="com.demoqa.test.registration.demoQaRegistration"/>
  <testcase name="hobbyChkBoxCricket" time="0.108" classname="com.demoqa.test.registration.demoQaRegistration"/>
  <testcase name="countryDrpDownAustralia" time="0.127" classname="com.demoqa.test.registration.demoQaRegistration"/>
  <testcase name="dateOfBirthDrpDown" time="0.380" classname="com.demoqa.test.registration.demoQaRegistration"/>
  <testcase name="phoneNumber" time="0.150" classname="com.demoqa.test.registration.demoQaRegistration"/>
  <testcase name="userName" time="0.119" classname="com.demoqa.test.registration.demoQaRegistration"/>
  <testcase name="email" time="0.202" classname="com.demoqa.test.registration.demoQaRegistration"/>
  <testcase name="YourProfilePicture" time="0.058" classname="com.demoqa.test.registration.demoQaRegistration"/>
  <testcase name="aboutYourself" time="0.302" classname="com.demoqa.test.registration.demoQaRegistration"/>
  <testcase name="password" time="1.765" classname="com.demoqa.test.registration.demoQaRegistration"/>
  <testcase name="submit" time="2.045" classname="com.demoqa.test.registration.demoQaRegistration"/>
</testsuite> <!-- com.demoqa.test.registration.demoQaRegistration -->
