<?xml version="1.0" encoding="UTF-8"?>
<!-- Generated by org.testng.reporters.JUnitReportReporter -->
<testsuite skipped="0" hostname="ROSATO-BRZR8FRS" name="com.demoqa.test.registration.DemoTest" tests="4" failures="0" timestamp="25 Nov 2017 23:29:20 GMT" time="56.151" errors="0">
  <testcase name="invalidPassword" time="13.593" classname="com.demoqa.test.registration.DemoTest"/>
  <testcase name="submitForm" time="13.283" classname="com.demoqa.test.registration.DemoTest"/>
  <testcase name="weakPassword" time="14.592" classname="com.demoqa.test.registration.DemoTest"/>
  <testcase name="strongPassword" time="14.683" classname="com.demoqa.test.registration.DemoTest"/>
</testsuite> <!-- com.demoqa.test.registration.DemoTest -->
