<?xml version="1.0" encoding="UTF-8"?>
<!-- Generated by org.testng.reporters.JUnitReportReporter -->
<testsuite skipped="0" hostname="ROSATO-BRZR8FRS" name="com.demoqa_registration_tests.RegistrationTests" tests="3" failures="0" timestamp="29 Nov 2017 01:13:58 GMT" time="25.346" errors="0">
  <testcase name="weakPasswordTest" time="6.457" classname="com.demoqa_registration_tests.RegistrationTests"/>
  <testcase name="strongPassword" time="12.503" classname="com.demoqa_registration_tests.RegistrationTests"/>
  <testcase name="invalidPasswordTest" time="6.386" classname="com.demoqa_registration_tests.RegistrationTests"/>
</testsuite> <!-- com.demoqa_registration_tests.RegistrationTests -->
