<?xml version="1.0" encoding="UTF-8"?>
<!-- Generated by org.testng.reporters.JUnitReportReporter -->
<testsuite skipped="0" hostname="ROSATO-BRZR8FRS" name="com.demoqa_registration_tests.WeakPwdRegistrationTest" tests="3" failures="0" timestamp="26 Nov 2017 22:26:52 GMT" time="23.748" errors="0">
  <testcase name="weakPasswordTest" time="7.140" classname="com.demoqa_registration_tests.WeakPwdRegistrationTest"/>
  <testcase name="strongPassword" time="9.835" classname="com.demoqa_registration_tests.WeakPwdRegistrationTest"/>
  <testcase name="invalidPasswordTest" time="6.773" classname="com.demoqa_registration_tests.WeakPwdRegistrationTest"/>
</testsuite> <!-- com.demoqa_registration_tests.WeakPwdRegistrationTest -->
