<?xml version="1.0" encoding="UTF-8"?>
<!-- Generated by org.testng.reporters.JUnitReportReporter -->
<testsuite skipped="0" hostname="ROSATO-BRZR8FRS" name="registration_tests.InvalidRegistrationTest" tests="3" failures="0" timestamp="25 Nov 2017 20:57:09 GMT" time="2.012" errors="0">
  <testcase name="NegativeInvaildPassword" time="0.197" classname="registration_tests.InvalidRegistrationTest"/>
  <testcase name="registrationTest" time="1.726" classname="registration_tests.InvalidRegistrationTest"/>
  <testcase name="submit" time="0.089" classname="registration_tests.InvalidRegistrationTest"/>
</testsuite> <!-- registration_tests.InvalidRegistrationTest -->
