<?xml version="1.0" encoding="UTF-8"?>
<!-- Generated by org.testng.reporters.JUnitReportReporter -->
<testsuite skipped="0" hostname="ROSATO-BRZR8FRS" name="com.demoqa_registration_tests.InvalidPwdRegistrationTest" tests="3" failures="0" timestamp="26 Nov 2017 21:57:50 GMT" time="2.080" errors="0">
  <testcase name="negativeInvaildPassword" time="0.196" classname="com.demoqa_registration_tests.InvalidPwdRegistrationTest"/>
  <testcase name="registrationTest" time="1.786" classname="com.demoqa_registration_tests.InvalidPwdRegistrationTest"/>
  <testcase name="submit" time="0.098" classname="com.demoqa_registration_tests.InvalidPwdRegistrationTest"/>
</testsuite> <!-- com.demoqa_registration_tests.InvalidPwdRegistrationTest -->
