<?xml version="1.0" encoding="UTF-8"?>
<!-- Generated by org.testng.reporters.JUnitReportReporter -->
<testsuite skipped="0" hostname="ROSATO-BRZR8FRS" name="com.demoqa_registration_tests.WeakRegistrationTest" tests="3" failures="0" timestamp="25 Nov 2017 22:27:02 GMT" time="2.340" errors="0">
  <testcase name="registrationTest" time="1.950" classname="com.demoqa_registration_tests.WeakRegistrationTest"/>
  <testcase name="submit" time="0.088" classname="com.demoqa_registration_tests.WeakRegistrationTest"/>
  <testcase name="weakPassword" time="0.302" classname="com.demoqa_registration_tests.WeakRegistrationTest"/>
</testsuite> <!-- com.demoqa_registration_tests.WeakRegistrationTest -->
